# JRE version: Java(TM) SE Runtime Environment 18.9 (11.0.18+9) (build 11.0.18+9-LTS-195)
# Java VM: Java HotSpot(TM) 64-Bit Server VM 18.9 (11.0.18+9-LTS-195, mixed mode, tiered, compressed oops, g1 gc, windows-amd64)
Heap:
 garbage-first heap   total 32768K, used 17018K [0x00000000e0000000, 0x0000000100000000)
  region size 1024K, 4 young (4096K), 2 survivors (2048K)
 Metaspace       used 29965K, capacity 31094K, committed 31360K, reserved 1077248K
  class space    used 3674K, capacity 4123K, committed 4224K, reserved 1048576K
GC Heap History (10 events):
Event: 7.915 GC heap before
{Heap before GC invocations=8 (full 0):
 garbage-first heap   total 32768K, used 18932K [0x00000000e0000000, 0x0000000100000000)
  region size 1024K, 13 young (13312K), 2 survivors (2048K)
 Metaspace       used 23339K, capacity 24130K, committed 24448K, reserved 1071104K
  class space    used 2762K, capacity 3084K, committed 3200K, reserved 1048576K
}
Event: 7.921 GC heap after
{Heap after GC invocations=9 (full 0):
 garbage-first heap   total 32768K, used 8971K [0x00000000e0000000, 0x0000000100000000)
  region size 1024K, 2 young (2048K), 2 survivors (2048K)
 Metaspace       used 23339K, capacity 24130K, committed 24448K, reserved 1071104K
  class space    used 2762K, capacity 3084K, committed 3200K, reserved 1048576K
}
Event: 8.528 GC heap before
{Heap before GC invocations=9 (full 0):
 garbage-first heap   total 32768K, used 20235K [0x00000000e0000000, 0x0000000100000000)
  region size 1024K, 13 young (13312K), 2 survivors (2048K)
 Metaspace       used 25364K, capacity 26244K, committed 26496K, reserved 1073152K
  class space    used 3032K, capacity 3369K, committed 3456K, reserved 1048576K
}
Event: 8.532 GC heap after
{Heap after GC invocations=10 (full 0):
 garbage-first heap   total 32768K, used 9621K [0x00000000e0000000, 0x0000000100000000)
  region size 1024K, 1 young (1024K), 1 survivors (1024K)
 Metaspace       used 25364K, capacity 26244K, committed 26496K, reserved 1073152K
  class space    used 3032K, capacity 3369K, committed 3456K, reserved 1048576K
}
Event: 8.977 GC heap before
{Heap before GC invocations=10 (full 0):
 garbage-first heap   total 32768K, used 20885K [0x00000000e0000000, 0x0000000100000000)
  region size 1024K, 12 young (12288K), 1 survivors (1024K)
 Metaspace       used 26886K, capacity 27867K, committed 28032K, reserved 1073152K
  class space    used 3225K, capacity 3592K, committed 3712K, reserved 1048576K
}
Event: 8.979 GC heap after
{Heap after GC invocations=11 (full 0):
 garbage-first heap   total 32768K, used 9833K [0x00000000e0000000, 0x0000000100000000)
  region size 1024K, 1 young (1024K), 1 survivors (1024K)
 Metaspace       used 26886K, capacity 27867K, committed 28032K, reserved 1073152K
  class space    used 3225K, capacity 3592K, committed 3712K, reserved 1048576K
}
Event: 19.680 GC heap before
{Heap before GC invocations=11 (full 0):
 garbage-first heap   total 32768K, used 26217K [0x00000000e0000000, 0x0000000100000000)
  region size 1024K, 12 young (12288K), 1 survivors (1024K)
 Metaspace       used 28451K, capacity 29352K, committed 29440K, reserved 1075200K
  class space    used 3472K, capacity 3832K, committed 3840K, reserved 1048576K
}
Event: 19.723 GC heap after
{Heap after GC invocations=12 (full 0):
 garbage-first heap   total 32768K, used 15279K [0x00000000e0000000, 0x0000000100000000)
  region size 1024K, 2 young (2048K), 2 survivors (2048K)
 Metaspace       used 28451K, capacity 29352K, committed 29440K, reserved 1075200K
  class space    used 3472K, capacity 3832K, committed 3840K, reserved 1048576K
}
Event: 30.250 GC heap before
{Heap before GC invocations=12 (full 0):
 garbage-first heap   total 32768K, used 23471K [0x00000000e0000000, 0x0000000100000000)
  region size 1024K, 11 young (11264K), 2 survivors (2048K)
 Metaspace       used 29604K, capacity 30637K, committed 30720K, reserved 1075200K
  class space    used 3628K, capacity 4028K, committed 4096K, reserved 1048576K
}
Event: 30.282 GC heap after
{Heap after GC invocations=13 (full 0):
 garbage-first heap   total 32768K, used 15994K [0x00000000e0000000, 0x0000000100000000)
  region size 1024K, 2 young (2048K), 2 survivors (2048K)
 Metaspace       used 29604K, capacity 30637K, committed 30720K, reserved 1075200K
  class space    used 3628K, capacity 4028K, committed 4096K, reserved 1048576K
}

